<?xml version="1.0" encoding="UTF-8"?>
<!-- Generated by org.testng.reporters.JUnitReportReporter -->
<testsuite hostname="Alena-copy" name="com.exemple.tests.LoginTest" tests="1" failures="0" timestamp="26 Dec 2014 10:26:53 GMT" time="35.088" errors="0">
  <testcase name="testLogin" time="35.088" classname="com.exemple.tests.LoginTest"/>
</testsuite> <!-- com.exemple.tests.LoginTest -->
